Time elapsed: 47.851135

 Performance counter stats for './parser 2.1.dict -batch':

         47,837.03 msec task-clock                #    1.000 CPUs utilized          
               288      context-switches          #    6.020 /sec                   
                 5      cpu-migrations            #    0.105 /sec                   
            55,371      page-faults               #    1.157 K/sec                  
   219,863,037,127      cycles                    #    4.596 GHz                      (38.45%)
   461,547,214,138      instructions              #    2.10  insn per cycle           (46.14%)
    95,976,247,028      branches                  #    2.006 G/sec                    (53.83%)
     1,829,894,091      branch-misses             #    1.91% of all branches          (61.52%)
 1,098,592,849,888      slots                     #   22.965 G/sec                    (69.22%)
   128,948,082,918      topdown-retiring          #     11.2% retiring                (69.22%)
   900,415,316,182      topdown-bad-spec          #     78.3% bad speculation         (69.22%)
    37,243,406,907      topdown-fe-bound          #      3.2% frontend bound          (69.22%)
    82,752,152,146      topdown-be-bound          #      7.2% backend bound           (69.22%)
   132,961,595,505      L1-dcache-loads           #    2.779 G/sec                    (69.21%)
     6,134,590,302      L1-dcache-load-misses     #    4.61% of all L1-dcache accesses  (69.22%)
       303,123,708      LLC-loads                 #    6.337 M/sec                    (69.23%)
         5,658,997      LLC-load-misses           #    1.87% of all LL-cache accesses  (69.24%)
        33,819,282      L1-icache-load-misses                                         (30.79%)
   132,598,901,461      dTLB-loads                #    2.772 G/sec                    (30.78%)
        23,373,133      dTLB-load-misses          #    0.02% of all dTLB cache accesses  (30.77%)
         5,756,279      iTLB-load-misses                                              (30.76%)

      47.853189389 seconds time elapsed

      47.790150000 seconds user
       0.047998000 seconds sys


Time elapsed: 48.056555

 Performance counter stats for './parser 2.1.dict -batch':

         48,054.02 msec task-clock                #    1.000 CPUs utilized          
               266      context-switches          #    5.535 /sec                   
                 2      cpu-migrations            #    0.042 /sec                   
            48,766      page-faults               #    1.015 K/sec                  
   220,279,662,295      cycles                    #    4.584 GHz                      (38.45%)
   459,785,946,705      instructions              #    2.09  insn per cycle           (46.15%)
    95,640,614,551      branches                  #    1.990 G/sec                    (53.85%)
     1,838,976,113      branch-misses             #    1.92% of all branches          (61.54%)
 1,101,376,431,715      slots                     #   22.920 G/sec                    (69.23%)
   131,806,873,641      topdown-retiring          #     11.4% retiring                (69.23%)
   911,335,008,203      topdown-bad-spec          #     78.7% bad speculation         (69.23%)
    33,653,423,794      topdown-fe-bound          #      2.9% frontend bound          (69.23%)
    81,781,194,579      topdown-be-bound          #      7.1% backend bound           (69.23%)
   132,776,987,455      L1-dcache-loads           #    2.763 G/sec                    (69.23%)
     6,122,897,636      L1-dcache-load-misses     #    4.61% of all L1-dcache accesses  (69.23%)
       305,441,202      LLC-loads                 #    6.356 M/sec                    (69.23%)
         4,866,950      LLC-load-misses           #    1.59% of all LL-cache accesses  (69.24%)
        32,341,665      L1-icache-load-misses                                         (30.77%)
   133,313,400,829      dTLB-loads                #    2.774 G/sec                    (30.77%)
        23,521,052      dTLB-load-misses          #    0.02% of all dTLB cache accesses  (30.77%)
         5,655,162      iTLB-load-misses                                              (30.76%)

      48.057901036 seconds time elapsed

      48.010284000 seconds user
       0.043998000 seconds sys


Time elapsed: 48.134996

 Performance counter stats for './parser 2.1.dict -batch':

         48,132.86 msec task-clock                #    1.000 CPUs utilized          
               244      context-switches          #    5.069 /sec                   
                 2      cpu-migrations            #    0.042 /sec                   
            52,567      page-faults               #    1.092 K/sec                  
   219,500,927,640      cycles                    #    4.560 GHz                      (38.44%)
   460,713,980,549      instructions              #    2.10  insn per cycle           (46.13%)
    96,010,918,734      branches                  #    1.995 G/sec                    (53.83%)
     1,835,716,905      branch-misses             #    1.91% of all branches          (61.52%)
 1,097,657,428,801      slots                     #   22.805 G/sec                    (69.22%)
   130,451,672,245      topdown-retiring          #     11.3% retiring                (69.22%)
   908,257,715,595      topdown-bad-spec          #     78.7% bad speculation         (69.22%)
    35,733,853,575      topdown-fe-bound          #      3.1% frontend bound          (69.22%)
    79,322,366,841      topdown-be-bound          #      6.9% backend bound           (69.22%)
   132,853,773,482      L1-dcache-loads           #    2.760 G/sec                    (69.22%)
     6,144,871,401      L1-dcache-load-misses     #    4.63% of all L1-dcache accesses  (69.23%)
       305,549,996      LLC-loads                 #    6.348 M/sec                    (69.24%)
         4,583,658      LLC-load-misses           #    1.50% of all LL-cache accesses  (69.25%)
        32,141,979      L1-icache-load-misses                                         (30.78%)
   132,699,408,303      dTLB-loads                #    2.757 G/sec                    (30.77%)
        26,563,026      dTLB-load-misses          #    0.02% of all dTLB cache accesses  (30.76%)
         5,099,877      iTLB-load-misses                                              (30.75%)

      48.136309723 seconds time elapsed

      48.089005000 seconds user
       0.044000000 seconds sys


Time elapsed: 48.391464

 Performance counter stats for './parser 2.1.dict -batch':

         48,389.06 msec task-clock                #    1.000 CPUs utilized          
               274      context-switches          #    5.662 /sec                   
                 3      cpu-migrations            #    0.062 /sec                   
            51,112      page-faults               #    1.056 K/sec                  
   219,933,730,169      cycles                    #    4.545 GHz                      (38.43%)
   460,044,698,379      instructions              #    2.09  insn per cycle           (46.13%)
    95,622,543,085      branches                  #    1.976 G/sec                    (53.82%)
     1,834,218,798      branch-misses             #    1.92% of all branches          (61.52%)
 1,100,084,282,752      slots                     #   22.734 G/sec                    (69.21%)
   132,460,696,139      topdown-retiring          #     11.4% retiring                (69.21%)
   914,579,874,287      topdown-bad-spec          #     78.6% bad speculation         (69.21%)
    36,836,918,978      topdown-fe-bound          #      3.2% frontend bound          (69.21%)
    79,840,715,522      topdown-be-bound          #      6.9% backend bound           (69.21%)
   132,702,406,872      L1-dcache-loads           #    2.742 G/sec                    (69.22%)
     6,105,188,268      L1-dcache-load-misses     #    4.60% of all L1-dcache accesses  (69.23%)
       299,241,127      LLC-loads                 #    6.184 M/sec                    (69.24%)
         4,697,611      LLC-load-misses           #    1.57% of all LL-cache accesses  (69.25%)
        34,071,891      L1-icache-load-misses                                         (30.78%)
   132,981,445,714      dTLB-loads                #    2.748 G/sec                    (30.77%)
        26,378,786      dTLB-load-misses          #    0.02% of all dTLB cache accesses  (30.76%)
        13,863,958      iTLB-load-misses                                              (30.75%)

      48.392761564 seconds time elapsed

      48.329363000 seconds user
       0.059996000 seconds sys


Time elapsed: 48.497902

 Performance counter stats for './parser 2.1.dict -batch':

         48,495.15 msec task-clock                #    1.000 CPUs utilized          
               213      context-switches          #    4.392 /sec                   
                 2      cpu-migrations            #    0.041 /sec                   
            32,585      page-faults               #  671.923 /sec                   
   220,113,070,475      cycles                    #    4.539 GHz                      (38.44%)
   460,809,219,912      instructions              #    2.09  insn per cycle           (46.13%)
    95,826,620,876      branches                  #    1.976 G/sec                    (53.83%)
     1,843,992,995      branch-misses             #    1.92% of all branches          (61.52%)
 1,100,637,307,722      slots                     #   22.696 G/sec                    (69.22%)
   129,702,740,586      topdown-retiring          #     11.3% retiring                (69.22%)
   906,407,194,594      topdown-bad-spec          #     78.7% bad speculation         (69.22%)
    35,008,202,279      topdown-fe-bound          #      3.0% frontend bound          (69.22%)
    80,541,014,115      topdown-be-bound          #      7.0% backend bound           (69.22%)
   132,756,930,003      L1-dcache-loads           #    2.738 G/sec                    (69.22%)
     6,101,383,234      L1-dcache-load-misses     #    4.60% of all L1-dcache accesses  (69.23%)
       306,026,779      LLC-loads                 #    6.310 M/sec                    (69.24%)
         4,786,759      LLC-load-misses           #    1.56% of all LL-cache accesses  (69.25%)
        32,202,582      L1-icache-load-misses                                         (30.78%)
   133,248,949,379      dTLB-loads                #    2.748 G/sec                    (30.77%)
        24,384,823      dTLB-load-misses          #    0.02% of all dTLB cache accesses  (30.76%)
         5,862,249      iTLB-load-misses                                              (30.75%)

      48.499147261 seconds time elapsed

      48.475589000 seconds user
       0.019998000 seconds sys


Time elapsed: 48.158243

 Performance counter stats for './parser 2.1.dict -batch':

         48,156.55 msec task-clock                #    1.000 CPUs utilized          
               223      context-switches          #    4.631 /sec                   
                 2      cpu-migrations            #    0.042 /sec                   
            33,615      page-faults               #  698.036 /sec                   
   221,023,573,352      cycles                    #    4.590 GHz                      (38.46%)
   460,083,080,316      instructions              #    2.08  insn per cycle           (46.16%)
    95,861,336,734      branches                  #    1.991 G/sec                    (53.85%)
     1,856,639,818      branch-misses             #    1.94% of all branches          (61.54%)
 1,105,151,268,642      slots                     #   22.949 G/sec                    (69.23%)
   128,270,087,703      topdown-retiring          #     11.1% retiring                (69.23%)
   910,124,574,175      topdown-bad-spec          #     78.8% bad speculation         (69.23%)
    34,103,219,787      topdown-fe-bound          #      3.0% frontend bound          (69.23%)
    82,547,107,365      topdown-be-bound          #      7.1% backend bound           (69.23%)
   132,965,824,485      L1-dcache-loads           #    2.761 G/sec                    (69.23%)
     6,121,278,380      L1-dcache-load-misses     #    4.60% of all L1-dcache accesses  (69.23%)
       303,362,101      LLC-loads                 #    6.299 M/sec                    (69.23%)
         5,239,642      LLC-load-misses           #    1.73% of all LL-cache accesses  (69.24%)
        31,838,567      L1-icache-load-misses                                         (30.77%)
   132,985,605,769      dTLB-loads                #    2.762 G/sec                    (30.77%)
        23,520,199      dTLB-load-misses          #    0.02% of all dTLB cache accesses  (30.77%)
         5,479,770      iTLB-load-misses                                              (30.76%)

      48.159556751 seconds time elapsed

      48.108996000 seconds user
       0.047997000 seconds sys


Time elapsed: 48.674442

 Performance counter stats for './parser 2.1.dict -batch':

         48,669.99 msec task-clock                #    1.000 CPUs utilized          
               219      context-switches          #    4.500 /sec                   
                 4      cpu-migrations            #    0.082 /sec                   
            46,941      page-faults               #  964.475 /sec                   
   220,121,586,901      cycles                    #    4.523 GHz                      (38.46%)
   461,542,106,417      instructions              #    2.10  insn per cycle           (46.15%)
    96,017,848,375      branches                  #    1.973 G/sec                    (53.84%)
     1,840,931,203      branch-misses             #    1.92% of all branches          (61.54%)
 1,100,425,056,246      slots                     #   22.610 G/sec                    (69.23%)
   129,968,770,743      topdown-retiring          #     11.3% retiring                (69.23%)
   910,547,791,639      topdown-bad-spec          #     79.1% bad speculation         (69.23%)
    29,034,651,459      topdown-fe-bound          #      2.5% frontend bound          (69.23%)
    81,838,921,942      topdown-be-bound          #      7.1% backend bound           (69.23%)
   132,990,092,105      L1-dcache-loads           #    2.732 G/sec                    (69.23%)
     6,134,273,348      L1-dcache-load-misses     #    4.61% of all L1-dcache accesses  (69.23%)
       301,808,346      LLC-loads                 #    6.201 M/sec                    (69.23%)
         5,314,658      LLC-load-misses           #    1.76% of all LL-cache accesses  (69.23%)
        32,496,751      L1-icache-load-misses                                         (30.77%)
   132,435,864,262      dTLB-loads                #    2.721 G/sec                    (30.77%)
        25,042,884      dTLB-load-misses          #    0.02% of all dTLB cache accesses  (30.77%)
         5,911,322      iTLB-load-misses                                              (30.77%)

      48.675679733 seconds time elapsed

      48.630484000 seconds user
       0.039995000 seconds sys


Time elapsed: 48.853482

 Performance counter stats for './parser 2.1.dict -batch':

         48,851.18 msec task-clock                #    1.000 CPUs utilized          
               250      context-switches          #    5.118 /sec                   
                 9      cpu-migrations            #    0.184 /sec                   
            51,714      page-faults               #    1.059 K/sec                  
   220,993,669,340      cycles                    #    4.524 GHz                      (38.44%)
   460,136,489,795      instructions              #    2.08  insn per cycle           (46.14%)
    95,855,477,301      branches                  #    1.962 G/sec                    (53.83%)
     1,852,995,496      branch-misses             #    1.93% of all branches          (61.54%)
 1,104,835,704,924      slots                     #   22.616 G/sec                    (69.23%)
   124,678,782,081      topdown-retiring          #     10.8% retiring                (69.23%)
   905,532,009,134      topdown-bad-spec          #     78.8% bad speculation         (69.23%)
    38,261,280,174      topdown-fe-bound          #      3.3% frontend bound          (69.23%)
    81,311,932,646      topdown-be-bound          #      7.1% backend bound           (69.23%)
   132,953,261,781      L1-dcache-loads           #    2.722 G/sec                    (69.24%)
     6,152,728,219      L1-dcache-load-misses     #    4.63% of all L1-dcache accesses  (69.24%)
       305,560,727      LLC-loads                 #    6.255 M/sec                    (69.25%)
         4,995,920      LLC-load-misses           #    1.64% of all LL-cache accesses  (69.25%)
        31,975,444      L1-icache-load-misses                                         (30.76%)
   133,008,063,821      dTLB-loads                #    2.723 G/sec                    (30.76%)
        24,478,592      dTLB-load-misses          #    0.02% of all dTLB cache accesses  (30.75%)
         5,454,092      iTLB-load-misses                                              (30.75%)

      48.854588062 seconds time elapsed

      48.779546000 seconds user
       0.071999000 seconds sys


Time elapsed: 48.865044

 Performance counter stats for './parser 2.1.dict -batch':

         48,862.24 msec task-clock                #    1.000 CPUs utilized          
               236      context-switches          #    4.830 /sec                   
                 4      cpu-migrations            #    0.082 /sec                   
            41,955      page-faults               #  858.639 /sec                   
   220,302,259,153      cycles                    #    4.509 GHz                      (38.44%)
   460,410,975,555      instructions              #    2.09  insn per cycle           (46.14%)
    95,889,587,936      branches                  #    1.962 G/sec                    (53.83%)
     1,853,517,671      branch-misses             #    1.93% of all branches          (61.52%)
 1,101,623,680,058      slots                     #   22.546 G/sec                    (69.22%)
   128,592,021,245      topdown-retiring          #     11.2% retiring                (69.22%)
   907,219,501,223      topdown-bad-spec          #     78.9% bad speculation         (69.22%)
    36,812,479,564      topdown-fe-bound          #      3.2% frontend bound          (69.22%)
    77,232,190,933      topdown-be-bound          #      6.7% backend bound           (69.22%)
   132,964,715,500      L1-dcache-loads           #    2.721 G/sec                    (69.21%)
     6,127,351,609      L1-dcache-load-misses     #    4.61% of all L1-dcache accesses  (69.22%)
       309,747,539      LLC-loads                 #    6.339 M/sec                    (69.23%)
         4,906,633      LLC-load-misses           #    1.58% of all LL-cache accesses  (69.24%)
        32,977,007      L1-icache-load-misses                                         (30.79%)
   132,890,014,863      dTLB-loads                #    2.720 G/sec                    (30.78%)
        25,062,399      dTLB-load-misses          #    0.02% of all dTLB cache accesses  (30.77%)
         5,712,666      iTLB-load-misses                                              (30.76%)

      48.866271774 seconds time elapsed

      48.806747000 seconds user
       0.055993000 seconds sys


Time elapsed: 48.411958

 Performance counter stats for './parser 2.1.dict -batch':

         48,409.89 msec task-clock                #    1.000 CPUs utilized          
               266      context-switches          #    5.495 /sec                   
                 0      cpu-migrations            #    0.000 /sec                   
            50,341      page-faults               #    1.040 K/sec                  
   221,088,537,959      cycles                    #    4.567 GHz                      (38.46%)
   460,305,593,132      instructions              #    2.08  insn per cycle           (46.15%)
    95,686,984,299      branches                  #    1.977 G/sec                    (53.84%)
     1,865,835,388      branch-misses             #    1.95% of all branches          (61.53%)
 1,105,591,468,869      slots                     #   22.838 G/sec                    (69.23%)
   133,345,942,034      topdown-retiring          #     11.6% retiring                (69.23%)
   897,480,133,552      topdown-bad-spec          #     77.8% bad speculation         (69.23%)
    39,950,865,520      topdown-fe-bound          #      3.5% frontend bound          (69.23%)
    83,050,469,991      topdown-be-bound          #      7.2% backend bound           (69.23%)
   132,490,394,170      L1-dcache-loads           #    2.737 G/sec                    (69.22%)
     6,119,404,649      L1-dcache-load-misses     #    4.62% of all L1-dcache accesses  (69.23%)
       316,767,763      LLC-loads                 #    6.543 M/sec                    (69.23%)
         4,661,841      LLC-load-misses           #    1.47% of all LL-cache accesses  (69.23%)
        32,134,033      L1-icache-load-misses                                         (30.78%)
   133,616,889,239      dTLB-loads                #    2.760 G/sec                    (30.77%)
        25,845,901      dTLB-load-misses          #    0.02% of all dTLB cache accesses  (30.77%)
         5,048,550      iTLB-load-misses                                              (30.77%)

      48.413247845 seconds time elapsed

      48.366350000 seconds user
       0.043994000 seconds sys


