Time elapsed: 17.191893

 Performance counter stats for './boxed -n 31 -s 311317':

         17,190.30 msec task-clock                #    1.000 CPUs utilized          
               121      context-switches          #    7.039 /sec                   
                 9      cpu-migrations            #    0.524 /sec                   
               232      page-faults               #   13.496 /sec                   
    77,444,636,550      cycles                    #    4.505 GHz                      (38.39%)
   160,096,250,500      instructions              #    2.07  insn per cycle           (46.09%)
    14,735,171,587      branches                  #  857.179 M/sec                    (53.79%)
       396,992,641      branch-misses             #    2.69% of all branches          (61.49%)
   386,985,396,635      slots                     #   22.512 G/sec                    (69.19%)
   144,425,150,815      topdown-retiring          #     36.6% retiring                (69.19%)
    98,643,336,396      topdown-bad-spec          #     25.0% bad speculation         (69.19%)
    98,420,136,744      topdown-fe-bound          #     25.0% frontend bound          (69.19%)
    52,608,825,777      topdown-be-bound          #     13.3% backend bound           (69.19%)
    41,097,945,231      L1-dcache-loads           #    2.391 G/sec                    (69.21%)
     2,008,109,112      L1-dcache-load-misses     #    4.89% of all L1-dcache accesses  (69.24%)
           114,180      LLC-loads                 #    6.642 K/sec                    (69.26%)
             9,358      LLC-load-misses           #    8.20% of all LL-cache accesses  (69.29%)
     1,166,257,986      L1-icache-load-misses                                         (30.79%)
    41,191,814,295      dTLB-loads                #    2.396 G/sec                    (30.76%)
           135,343      dTLB-load-misses          #    0.00% of all dTLB cache accesses  (30.74%)
           341,723      iTLB-load-misses                                              (30.71%)

      17.193482372 seconds time elapsed

      17.191215000 seconds user
       0.000000000 seconds sys


Time elapsed: 17.079322

 Performance counter stats for './boxed -n 31 -s 311317':

         17,078.18 msec task-clock                #    1.000 CPUs utilized          
               175      context-switches          #   10.247 /sec                   
                10      cpu-migrations            #    0.586 /sec                   
               232      page-faults               #   13.585 /sec                   
    77,464,739,756      cycles                    #    4.536 GHz                      (38.41%)
   160,056,448,560      instructions              #    2.07  insn per cycle           (46.11%)
    14,733,770,279      branches                  #  862.725 M/sec                    (53.82%)
       396,585,816      branch-misses             #    2.69% of all branches          (61.52%)
   387,098,159,071      slots                     #   22.666 G/sec                    (69.23%)
   141,379,723,791      topdown-retiring          #     35.6% retiring                (69.23%)
   107,780,271,740      topdown-bad-spec          #     27.1% bad speculation         (69.23%)
    97,953,988,083      topdown-fe-bound          #     24.7% frontend bound          (69.23%)
    49,915,596,641      topdown-be-bound          #     12.6% backend bound           (69.23%)
    41,116,414,982      L1-dcache-loads           #    2.408 G/sec                    (69.25%)
     2,006,923,517      L1-dcache-load-misses     #    4.88% of all L1-dcache accesses  (69.27%)
           107,664      LLC-loads                 #    6.304 K/sec                    (69.27%)
             6,534      LLC-load-misses           #    6.07% of all LL-cache accesses  (69.27%)
     1,169,714,004      L1-icache-load-misses                                         (30.75%)
    41,132,072,130      dTLB-loads                #    2.408 G/sec                    (30.73%)
           132,114      dTLB-load-misses          #    0.00% of all dTLB cache accesses  (30.73%)
           353,321      iTLB-load-misses                                              (30.73%)

      17.079929466 seconds time elapsed

      17.078660000 seconds user
       0.000000000 seconds sys


Time elapsed: 17.022179

 Performance counter stats for './boxed -n 31 -s 311317':

         17,020.84 msec task-clock                #    1.000 CPUs utilized          
               212      context-switches          #   12.455 /sec                   
                12      cpu-migrations            #    0.705 /sec                   
               233      page-faults               #   13.689 /sec                   
    77,255,034,077      cycles                    #    4.539 GHz                      (38.43%)
   160,167,767,679      instructions              #    2.07  insn per cycle           (46.13%)
    14,733,692,889      branches                  #  865.627 M/sec                    (53.84%)
       396,949,189      branch-misses             #    2.69% of all branches          (61.55%)
   386,240,558,075      slots                     #   22.692 G/sec                    (69.25%)
   142,385,353,590      topdown-retiring          #     35.7% retiring                (69.25%)
   107,541,488,718      topdown-bad-spec          #     27.0% bad speculation         (69.25%)
    98,068,098,471      topdown-fe-bound          #     24.6% frontend bound          (69.25%)
    50,533,904,837      topdown-be-bound          #     12.7% backend bound           (69.25%)
    41,118,363,708      L1-dcache-loads           #    2.416 G/sec                    (69.26%)
     2,002,537,927      L1-dcache-load-misses     #    4.87% of all L1-dcache accesses  (69.26%)
           117,583      LLC-loads                 #    6.908 K/sec                    (69.26%)
             5,142      LLC-load-misses           #    4.37% of all LL-cache accesses  (69.26%)
     1,164,203,908      L1-icache-load-misses                                         (30.74%)
    41,128,777,792      dTLB-loads                #    2.416 G/sec                    (30.74%)
           135,745      dTLB-load-misses          #    0.00% of all dTLB cache accesses  (30.74%)
           454,234      iTLB-load-misses                                              (30.74%)

      17.022808433 seconds time elapsed

      17.021384000 seconds user
       0.000000000 seconds sys


Time elapsed: 17.884182

 Performance counter stats for './boxed -n 31 -s 311317':

         17,883.34 msec task-clock                #    1.000 CPUs utilized          
               101      context-switches          #    5.648 /sec                   
                14      cpu-migrations            #    0.783 /sec                   
               234      page-faults               #   13.085 /sec                   
    77,875,973,074      cycles                    #    4.355 GHz                      (38.43%)
   160,314,588,795      instructions              #    2.06  insn per cycle           (46.12%)
    14,737,048,452      branches                  #  824.066 M/sec                    (53.81%)
       397,440,821      branch-misses             #    2.70% of all branches          (61.50%)
   389,028,546,377      slots                     #   21.754 G/sec                    (69.22%)
   140,526,307,907      topdown-retiring          #     35.9% retiring                (69.22%)
   102,215,343,557      topdown-bad-spec          #     26.1% bad speculation         (69.22%)
    96,374,189,347      topdown-fe-bound          #     24.6% frontend bound          (69.22%)
    51,878,361,505      topdown-be-bound          #     13.3% backend bound           (69.22%)
    41,133,613,607      L1-dcache-loads           #    2.300 G/sec                    (69.22%)
     2,003,712,193      L1-dcache-load-misses     #    4.87% of all L1-dcache accesses  (69.22%)
           100,653      LLC-loads                 #    5.628 K/sec                    (69.24%)
             4,725      LLC-load-misses           #    4.69% of all LL-cache accesses  (69.26%)
     1,170,198,212      L1-icache-load-misses                                         (30.78%)
    41,144,923,379      dTLB-loads                #    2.301 G/sec                    (30.78%)
           136,661      dTLB-load-misses          #    0.00% of all dTLB cache accesses  (30.76%)
           524,114      iTLB-load-misses                                              (30.74%)

      17.884716393 seconds time elapsed

      17.883779000 seconds user
       0.000000000 seconds sys


Time elapsed: 17.842789

 Performance counter stats for './boxed -n 31 -s 311317':

         17,841.92 msec task-clock                #    1.000 CPUs utilized          
                95      context-switches          #    5.325 /sec                   
                11      cpu-migrations            #    0.617 /sec                   
               232      page-faults               #   13.003 /sec                   
    77,626,980,239      cycles                    #    4.351 GHz                      (38.46%)
   160,200,726,661      instructions              #    2.06  insn per cycle           (46.17%)
    14,738,130,603      branches                  #  826.039 M/sec                    (53.86%)
       397,148,792      branch-misses             #    2.69% of all branches          (61.55%)
   387,715,586,524      slots                     #   21.731 G/sec                    (69.24%)
   144,570,711,986      topdown-retiring          #     36.9% retiring                (69.24%)
   101,870,369,792      topdown-bad-spec          #     26.0% bad speculation         (69.24%)
    96,374,851,642      topdown-fe-bound          #     24.6% frontend bound          (69.24%)
    49,068,782,985      topdown-be-bound          #     12.5% backend bound           (69.24%)
    41,116,340,731      L1-dcache-loads           #    2.304 G/sec                    (69.24%)
     2,008,333,366      L1-dcache-load-misses     #    4.88% of all L1-dcache accesses  (69.24%)
           113,436      LLC-loads                 #    6.358 K/sec                    (69.24%)
             5,721      LLC-load-misses           #    5.04% of all LL-cache accesses  (69.24%)
     1,157,763,910      L1-icache-load-misses                                         (30.76%)
    41,152,613,968      dTLB-loads                #    2.307 G/sec                    (30.76%)
           125,613      dTLB-load-misses          #    0.00% of all dTLB cache accesses  (30.76%)
           372,844      iTLB-load-misses                                              (30.76%)

      17.843353921 seconds time elapsed

      17.842368000 seconds user
       0.000000000 seconds sys


Time elapsed: 17.086685

 Performance counter stats for './boxed -n 31 -s 311317':

         17,085.65 msec task-clock                #    1.000 CPUs utilized          
               158      context-switches          #    9.248 /sec                   
                 4      cpu-migrations            #    0.234 /sec                   
               235      page-faults               #   13.754 /sec                   
    77,651,117,129      cycles                    #    4.545 GHz                      (38.40%)
   160,157,883,747      instructions              #    2.06  insn per cycle           (46.10%)
    14,742,148,243      branches                  #  862.838 M/sec                    (53.80%)
       397,749,933      branch-misses             #    2.70% of all branches          (61.50%)
   387,941,470,232      slots                     #   22.706 G/sec                    (69.20%)
   143,963,845,823      topdown-retiring          #     36.7% retiring                (69.20%)
   100,408,380,530      topdown-bad-spec          #     25.6% bad speculation         (69.20%)
    96,861,995,927      topdown-fe-bound          #     24.7% frontend bound          (69.20%)
    51,201,330,387      topdown-be-bound          #     13.0% backend bound           (69.20%)
    41,116,205,007      L1-dcache-loads           #    2.406 G/sec                    (69.22%)
     2,008,688,233      L1-dcache-load-misses     #    4.89% of all L1-dcache accesses  (69.24%)
           139,293      LLC-loads                 #    8.153 K/sec                    (69.27%)
             5,845      LLC-load-misses           #    4.20% of all LL-cache accesses  (69.29%)
     1,164,873,019      L1-icache-load-misses                                         (30.78%)
    41,158,092,929      dTLB-loads                #    2.409 G/sec                    (30.76%)
           125,977      dTLB-load-misses          #    0.00% of all dTLB cache accesses  (30.73%)
           546,475      iTLB-load-misses                                              (30.71%)

      17.087271740 seconds time elapsed

      17.086158000 seconds user
       0.000000000 seconds sys


Time elapsed: 17.064032

 Performance counter stats for './boxed -n 31 -s 311317':

         17,063.44 msec task-clock                #    1.000 CPUs utilized          
               104      context-switches          #    6.095 /sec                   
                 6      cpu-migrations            #    0.352 /sec                   
               234      page-faults               #   13.714 /sec                   
    77,277,491,507      cycles                    #    4.529 GHz                      (38.46%)
   160,117,174,533      instructions              #    2.07  insn per cycle           (46.17%)
    14,738,987,889      branches                  #  863.776 M/sec                    (53.86%)
       397,213,955      branch-misses             #    2.69% of all branches          (61.55%)
   386,414,724,652      slots                     #   22.646 G/sec                    (69.24%)
   143,646,745,611      topdown-retiring          #     36.8% retiring                (69.24%)
    96,982,519,126      topdown-bad-spec          #     24.8% bad speculation         (69.24%)
    98,321,077,269      topdown-fe-bound          #     25.2% frontend bound          (69.24%)
    51,847,775,907      topdown-be-bound          #     13.3% backend bound           (69.24%)
    41,119,883,312      L1-dcache-loads           #    2.410 G/sec                    (69.24%)
     2,007,700,602      L1-dcache-load-misses     #    4.88% of all L1-dcache accesses  (69.24%)
            56,116      LLC-loads                 #    3.289 K/sec                    (69.24%)
             3,455      LLC-load-misses           #    6.16% of all LL-cache accesses  (69.25%)
     1,165,245,289      L1-icache-load-misses                                         (30.76%)
    41,097,517,085      dTLB-loads                #    2.409 G/sec                    (30.76%)
           142,874      dTLB-load-misses          #    0.00% of all dTLB cache accesses  (30.76%)
           146,097      iTLB-load-misses                                              (30.75%)

      17.064676153 seconds time elapsed

      17.063891000 seconds user
       0.000000000 seconds sys


Time elapsed: 17.059500

 Performance counter stats for './boxed -n 31 -s 311317':

         17,058.71 msec task-clock                #    1.000 CPUs utilized          
               127      context-switches          #    7.445 /sec                   
                 6      cpu-migrations            #    0.352 /sec                   
               234      page-faults               #   13.717 /sec                   
    77,372,827,393      cycles                    #    4.536 GHz                      (38.47%)
   160,164,468,800      instructions              #    2.07  insn per cycle           (46.16%)
    14,742,848,962      branches                  #  864.242 M/sec                    (53.85%)
       396,383,417      branch-misses             #    2.69% of all branches          (61.54%)
   386,864,855,374      slots                     #   22.678 G/sec                    (69.23%)
   141,413,747,938      topdown-retiring          #     36.3% retiring                (69.23%)
    98,612,610,192      topdown-bad-spec          #     25.3% bad speculation         (69.23%)
    97,095,493,112      topdown-fe-bound          #     24.9% frontend bound          (69.23%)
    52,458,266,768      topdown-be-bound          #     13.5% backend bound           (69.23%)
    41,124,034,759      L1-dcache-loads           #    2.411 G/sec                    (69.23%)
     2,006,516,398      L1-dcache-load-misses     #    4.88% of all L1-dcache accesses  (69.23%)
            57,590      LLC-loads                 #    3.376 K/sec                    (69.24%)
             5,639      LLC-load-misses           #    9.79% of all LL-cache accesses  (69.24%)
     1,159,477,868      L1-icache-load-misses                                         (30.77%)
    41,127,993,498      dTLB-loads                #    2.411 G/sec                    (30.77%)
           146,345      dTLB-load-misses          #    0.00% of all dTLB cache accesses  (30.76%)
           395,269      iTLB-load-misses                                              (30.76%)

      17.060070132 seconds time elapsed

      17.059166000 seconds user
       0.000000000 seconds sys


Time elapsed: 17.878003

 Performance counter stats for './boxed -n 31 -s 311317':

         17,877.24 msec task-clock                #    1.000 CPUs utilized          
                96      context-switches          #    5.370 /sec                   
                10      cpu-migrations            #    0.559 /sec                   
               232      page-faults               #   12.977 /sec                   
    77,412,961,892      cycles                    #    4.330 GHz                      (38.43%)
   160,280,008,179      instructions              #    2.07  insn per cycle           (46.12%)
    14,731,547,081      branches                  #  824.039 M/sec                    (53.82%)
       396,592,848      branch-misses             #    2.69% of all branches          (61.51%)
   386,605,724,736      slots                     #   21.626 G/sec                    (69.21%)
   144,289,086,795      topdown-retiring          #     36.9% retiring                (69.21%)
    95,514,355,522      topdown-bad-spec          #     24.4% bad speculation         (69.21%)
    99,219,240,043      topdown-fe-bound          #     25.4% frontend bound          (69.21%)
    52,223,198,985      topdown-be-bound          #     13.3% backend bound           (69.21%)
    41,124,225,578      L1-dcache-loads           #    2.300 G/sec                    (69.21%)
     2,010,310,819      L1-dcache-load-misses     #    4.89% of all L1-dcache accesses  (69.22%)
           128,101      LLC-loads                 #    7.166 K/sec                    (69.24%)
             3,446      LLC-load-misses           #    2.69% of all LL-cache accesses  (69.27%)
     1,162,127,475      L1-icache-load-misses                                         (30.79%)
    41,172,964,472      dTLB-loads                #    2.303 G/sec                    (30.78%)
           143,186      dTLB-load-misses          #    0.00% of all dTLB cache accesses  (30.76%)
           309,620      iTLB-load-misses                                              (30.73%)

      17.878566540 seconds time elapsed

      17.877681000 seconds user
       0.000000000 seconds sys


Time elapsed: 17.898373

 Performance counter stats for './boxed -n 31 -s 311317':

         17,897.60 msec task-clock                #    1.000 CPUs utilized          
                93      context-switches          #    5.196 /sec                   
                 9      cpu-migrations            #    0.503 /sec                   
               236      page-faults               #   13.186 /sec                   
    77,561,125,782      cycles                    #    4.334 GHz                      (38.45%)
   160,216,668,952      instructions              #    2.07  insn per cycle           (46.16%)
    14,739,266,588      branches                  #  823.533 M/sec                    (53.87%)
       397,084,269      branch-misses             #    2.69% of all branches          (61.56%)
   387,354,953,964      slots                     #   21.643 G/sec                    (69.24%)
   145,091,738,614      topdown-retiring          #     36.3% retiring                (69.24%)
   106,332,732,459      topdown-bad-spec          #     26.6% bad speculation         (69.24%)
    95,812,353,867      topdown-fe-bound          #     24.0% frontend bound          (69.24%)
    51,954,771,819      topdown-be-bound          #     13.0% backend bound           (69.24%)
    41,133,835,958      L1-dcache-loads           #    2.298 G/sec                    (69.24%)
     2,002,032,764      L1-dcache-load-misses     #    4.87% of all L1-dcache accesses  (69.24%)
           111,317      LLC-loads                 #    6.220 K/sec                    (69.25%)
             3,955      LLC-load-misses           #    3.55% of all LL-cache accesses  (69.25%)
     1,174,448,100      L1-icache-load-misses                                         (30.76%)
    41,072,372,671      dTLB-loads                #    2.295 G/sec                    (30.76%)
           123,808      dTLB-load-misses          #    0.00% of all dTLB cache accesses  (30.75%)
           281,730      iTLB-load-misses                                              (30.75%)

      17.898984758 seconds time elapsed

      17.898052000 seconds user
       0.000000000 seconds sys


